-------------------------------------------------------------------------------
Test set: amazon.cloudshape.core.NewTest
-------------------------------------------------------------------------------
Tests run: 1, Failures: 0, Errors: 1, Skipped: 0, Time elapsed: 0.02 sec <<< FAILURE! - in amazon.cloudshape.core.NewTest
test(amazon.cloudshape.core.NewTest)  Time elapsed: 0.013 sec  <<< ERROR!
amazon.cloudshape.core.BlobNotFoundException: null
	at amazon.cloudshape.core.NewTest.test(NewTest.java:14)

